Build started 4/3/2015 1:22:11 PM.
     1>Project "C:\Users\Alex\Dropbox\Thesis\thesis-code\workspace\agthesis-java\src\main\sc\pluginbuilder\SCBuilder\fmod-osc\fmod-osc.vcxproj" on node 2 (build target(s)).
     1>InitializeBuildStatus:
         Touching "SCBuild\fmod-osc.unsuccessfulbuild".
       ClCompile:
         All outputs are up-to-date.
     1>C:\Program Files (x86)\MSBuild\Microsoft.Cpp\v4.0\Microsoft.CppBuild.targets(990,5): warning MSB8012: TargetPath(C:\Users\Alex\Dropbox\Thesis\thesis-code\workspace\agthesis-java\src\main\sc\pluginbuilder\SCBuilder\fmod-osc\SC-.dll) does not match the Linker's OutputFile property value (C:\Users\Alex\Dropbox\Thesis\thesis-code\workspace\agthesis-java\src\main\sc\pluginbuilder\SCBuilder\SCBuild\SC-.dll). This may cause your project to build incorrectly. To correct this, please make sure that $(OutDir), $(TargetName) and $(TargetExt) property values match the value specified in %(Link.OutputFile).
       Link:
         C:\Program Files (x86)\Microsoft Visual Studio 10.0\VC\bin\link.exe /ERRORREPORT:PROMPT /OUT:"C:\Users\Alex\Dropbox\Thesis\thesis-code\workspace\agthesis-java\src\main\sc\pluginbuilder\SCBuilder\SCBuild\SC-.dll" /NOLOGO winmm.lib ws2_32.lib User32.lib /MANIFEST /ManifestFile:"SCBuild\SC-.dll.intermediate.manifest" /MANIFESTUAC:"level='asInvoker' uiAccess='false'" /DEBUG /PDB:"C:\Users\Alex\Dropbox\Thesis\thesis-code\workspace\agthesis-java\src\main\sc\pluginbuilder\SCBuilder\SCBuild\SC-.pdb" /SUBSYSTEM:CONSOLE /TLBID:1 /DYNAMICBASE /NXCOMPAT /IMPLIB:"C:\Users\Alex\Dropbox\Thesis\thesis-code\workspace\agthesis-java\src\main\sc\pluginbuilder\SCBuilder\SCBuild\SC-.lib" /MACHINE:X86 /DLL "SCBuild\sc-plugin.obj"
         SCBuild\IpEndpointName.obj
         SCBuild\NetworkingUtils.obj
         SCBuild\UdpSocket.obj
         SCBuild\OscOutboundPacketStream.obj
         SCBuild\OscTypes.obj
            Creating library C:\Users\Alex\Dropbox\Thesis\thesis-code\workspace\agthesis-java\src\main\sc\pluginbuilder\SCBuilder\SCBuild\SC-.lib and object C:\Users\Alex\Dropbox\Thesis\thesis-code\workspace\agthesis-java\src\main\sc\pluginbuilder\SCBuilder\SCBuild\SC-.exp
     1>sc-plugin.obj : error LNK2001: unresolved external symbol "enum FMOD_RESULT __stdcall FMOD_Other_dspprocess(struct FMOD_DSP_STATE *,unsigned int,struct FMOD_DSP_BUFFER_ARRAY const *,struct FMOD_DSP_BUFFER_ARRAY *,int,enum FMOD_DSP_PROCESS_OPERATION)" (?FMOD_Other_dspprocess@@YG?AW4FMOD_RESULT@@PAUFMOD_DSP_STATE@@IPBUFMOD_DSP_BUFFER_ARRAY@@PAU3@HW4FMOD_DSP_PROCESS_OPERATION@@@Z)
     1>C:\Users\Alex\Dropbox\Thesis\thesis-code\workspace\agthesis-java\src\main\sc\pluginbuilder\SCBuilder\SCBuild\SC-.dll : fatal error LNK1120: 1 unresolved externals
     1>Done Building Project "C:\Users\Alex\Dropbox\Thesis\thesis-code\workspace\agthesis-java\src\main\sc\pluginbuilder\SCBuilder\fmod-osc\fmod-osc.vcxproj" (build target(s)) -- FAILED.

Build FAILED.

Time Elapsed 00:00:00.07
